0 info it worked if it ends with ok
1 verbose cli [ '/Users/fatooza/.nvm/versions/node/v6.11.2/bin/node',
1 verbose cli   '/Users/fatooza/.nvm/versions/node/v6.11.2/bin/npm',
1 verbose cli   'run',
1 verbose cli   'start:dev' ]
2 info using npm@3.10.10
3 info using node@v6.11.2
4 verbose run-script [ 'prestart:dev', 'start:dev', 'poststart:dev' ]
5 info lifecycle github-fetcher-fullstack-v2@1.0.0~prestart:dev: github-fetcher-fullstack-v2@1.0.0
6 silly lifecycle github-fetcher-fullstack-v2@1.0.0~prestart:dev: no script for prestart:dev, continuing
7 info lifecycle github-fetcher-fullstack-v2@1.0.0~start:dev: github-fetcher-fullstack-v2@1.0.0
8 verbose lifecycle github-fetcher-fullstack-v2@1.0.0~start:dev: unsafe-perm in lifecycle true
9 verbose lifecycle github-fetcher-fullstack-v2@1.0.0~start:dev: PATH: /Users/fatooza/.nvm/versions/node/v6.11.2/lib/node_modules/npm/bin/node-gyp-bin:/Users/fatooza/Desktop/Khsoosy-Angular/node_modules/.bin:/Users/fatooza/.nvm/versions/node/v6.11.2/bin:/usr/local/bin:/usr/bin:/bin:/usr/sbin:/sbin:/Users/fatooza/.nvm/versions/node/v6.11.2/bin:/usr/local/apache-maven-3.5.3/bin:/usr/local/mysql/bin:/usr/local/apache-maven-3.5.3/bin:/usr/local/mysql/bin
10 verbose lifecycle github-fetcher-fullstack-v2@1.0.0~start:dev: CWD: /Users/fatooza/Desktop/Khsoosy-Angular
11 silly lifecycle github-fetcher-fullstack-v2@1.0.0~start:dev: Args: [ '-c', 'webpack-dev-server' ]
12 silly lifecycle github-fetcher-fullstack-v2@1.0.0~start:dev: Returned: code: 1  signal: null
13 info lifecycle github-fetcher-fullstack-v2@1.0.0~start:dev: Failed to exec start:dev script
14 verbose stack Error: github-fetcher-fullstack-v2@1.0.0 start:dev: `webpack-dev-server`
14 verbose stack Exit status 1
14 verbose stack     at EventEmitter.<anonymous> (/Users/fatooza/.nvm/versions/node/v6.11.2/lib/node_modules/npm/lib/utils/lifecycle.js:255:16)
14 verbose stack     at emitTwo (events.js:106:13)
14 verbose stack     at EventEmitter.emit (events.js:191:7)
14 verbose stack     at ChildProcess.<anonymous> (/Users/fatooza/.nvm/versions/node/v6.11.2/lib/node_modules/npm/lib/utils/spawn.js:40:14)
14 verbose stack     at emitTwo (events.js:106:13)
14 verbose stack     at ChildProcess.emit (events.js:191:7)
14 verbose stack     at maybeClose (internal/child_process.js:891:16)
14 verbose stack     at Process.ChildProcess._handle.onexit (internal/child_process.js:226:5)
15 verbose pkgid github-fetcher-fullstack-v2@1.0.0
16 verbose cwd /Users/fatooza/Desktop/Khsoosy-Angular
17 error Darwin 17.5.0
18 error argv "/Users/fatooza/.nvm/versions/node/v6.11.2/bin/node" "/Users/fatooza/.nvm/versions/node/v6.11.2/bin/npm" "run" "start:dev"
19 error node v6.11.2
20 error npm  v3.10.10
21 error code ELIFECYCLE
22 error github-fetcher-fullstack-v2@1.0.0 start:dev: `webpack-dev-server`
22 error Exit status 1
23 error Failed at the github-fetcher-fullstack-v2@1.0.0 start:dev script 'webpack-dev-server'.
23 error Make sure you have the latest version of node.js and npm installed.
23 error If you do, this is most likely a problem with the github-fetcher-fullstack-v2 package,
23 error not with npm itself.
23 error Tell the author that this fails on your system:
23 error     webpack-dev-server
23 error You can get information on how to open an issue for this project with:
23 error     npm bugs github-fetcher-fullstack-v2
23 error Or if that isn't available, you can get their info via:
23 error     npm owner ls github-fetcher-fullstack-v2
23 error There is likely additional logging output above.
24 verbose exit [ 1, true ]
